<?xml version="1.0" encoding="UTF-8"?>
<!-- Generated by org.testng.reporters.JUnitReportReporter -->
<testsuite hostname="52NHE3HGTOUUAT1" name="com.chanjet.api.WebdiverAPITest01" tests="1" failures="0" timestamp="18 Aug 2014 14:07:40 GMT" time="14.278" errors="0">
  <testcase name="testWebdriverAPIs" time="14.278" classname="com.chanjet.api.WebdiverAPITest01"/>
</testsuite> <!-- com.chanjet.api.WebdiverAPITest01 -->
